2026-02-25T00:29:11.392+04:00  INFO 20688 --- [guestService] [main] c.l.g.GuestServiceApplication            : Starting GuestServiceApplication using Java 17.0.18 with PID 20688 (C:\Users\orkha\OneDrive\Documents\WMSapi\guestService\build\classes\java\main started by orkha in C:\Users\orkha\OneDrive\Documents\WMSapi)
2026-02-25T00:29:11.407+04:00  INFO 20688 --- [guestService] [main] c.l.g.GuestServiceApplication            : No active profile set, falling back to 1 default profile: "default"
2026-02-25T00:29:14.397+04:00  INFO 20688 --- [guestService] [main] .s.d.r.c.RepositoryConfigurationDelegate : Multiple Spring Data modules found, entering strict repository configuration mode
2026-02-25T00:29:14.403+04:00  INFO 20688 --- [guestService] [main] .s.d.r.c.RepositoryConfigurationDelegate : Bootstrapping Spring Data JPA repositories in DEFAULT mode.
2026-02-25T00:29:14.786+04:00  INFO 20688 --- [guestService] [main] .s.d.r.c.RepositoryConfigurationDelegate : Finished Spring Data repository scanning in 364 ms. Found 1 JPA repository interface.
2026-02-25T00:29:14.827+04:00  INFO 20688 --- [guestService] [main] .s.d.r.c.RepositoryConfigurationDelegate : Multiple Spring Data modules found, entering strict repository configuration mode
2026-02-25T00:29:14.829+04:00  INFO 20688 --- [guestService] [main] .s.d.r.c.RepositoryConfigurationDelegate : Bootstrapping Spring Data Redis repositories in DEFAULT mode.
2026-02-25T00:29:14.863+04:00  INFO 20688 --- [guestService] [main] .RepositoryConfigurationExtensionSupport : Spring Data Redis - Could not safely identify store assignment for repository candidate interface com.ltc.guestservice.repository.GuestRepository; If you want this repository to be a Redis repository, consider annotating your entities with one of these annotations: org.springframework.data.redis.core.RedisHash (preferred), or consider extending one of the following types with your repository: org.springframework.data.keyvalue.repository.KeyValueRepository
2026-02-25T00:29:14.865+04:00  INFO 20688 --- [guestService] [main] .s.d.r.c.RepositoryConfigurationDelegate : Finished Spring Data repository scanning in 14 ms. Found 0 Redis repository interfaces.
2026-02-25T00:29:16.189+04:00  INFO 20688 --- [guestService] [main] o.s.b.w.embedded.tomcat.TomcatWebServer  : Tomcat initialized with port 8082 (http)
2026-02-25T00:29:16.216+04:00  INFO 20688 --- [guestService] [main] o.apache.catalina.core.StandardService   : Starting service [Tomcat]
2026-02-25T00:29:16.216+04:00  INFO 20688 --- [guestService] [main] o.apache.catalina.core.StandardEngine    : Starting Servlet engine: [Apache Tomcat/10.1.20]
2026-02-25T00:29:16.356+04:00  INFO 20688 --- [guestService] [main] o.a.c.c.C.[Tomcat].[localhost].[/]       : Initializing Spring embedded WebApplicationContext
2026-02-25T00:29:16.357+04:00  INFO 20688 --- [guestService] [main] w.s.c.ServletWebServerApplicationContext : Root WebApplicationContext: initialization completed in 4689 ms
2026-02-25T00:29:17.149+04:00  INFO 20688 --- [guestService] [main] o.hibernate.jpa.internal.util.LogHelper  : HHH000204: Processing PersistenceUnitInfo [name: default]
2026-02-25T00:29:17.298+04:00  INFO 20688 --- [guestService] [main] org.hibernate.Version                    : HHH000412: Hibernate ORM core version 6.4.4.Final
2026-02-25T00:29:17.387+04:00  INFO 20688 --- [guestService] [main] o.h.c.internal.RegionFactoryInitiator    : HHH000026: Second-level cache disabled
2026-02-25T00:29:18.433+04:00  INFO 20688 --- [guestService] [main] o.s.o.j.p.SpringPersistenceUnitInfo      : No LoadTimeWeaver setup: ignoring JPA class transformer
2026-02-25T00:29:18.497+04:00  INFO 20688 --- [guestService] [main] com.zaxxer.hikari.HikariDataSource       : HikariPool-1 - Starting...
2026-02-25T00:29:18.783+04:00  INFO 20688 --- [guestService] [main] com.zaxxer.hikari.pool.HikariPool        : HikariPool-1 - Added connection org.postgresql.jdbc.PgConnection@6a0e97fc
2026-02-25T00:29:18.786+04:00  INFO 20688 --- [guestService] [main] com.zaxxer.hikari.HikariDataSource       : HikariPool-1 - Start completed.
2026-02-25T00:29:18.839+04:00  WARN 20688 --- [guestService] [main] org.hibernate.orm.deprecation            : HHH90000025: PostgreSQLDialect does not need to be specified explicitly using 'hibernate.dialect' (remove the property setting and it will be selected by default)
2026-02-25T00:29:20.367+04:00  INFO 20688 --- [guestService] [main] o.h.e.t.j.p.i.JtaPlatformInitiator       : HHH000489: No JTA platform available (set 'hibernate.transaction.jta.platform' to enable JTA platform integration)
2026-02-25T00:29:20.453+04:00  INFO 20688 --- [guestService] [main] j.LocalContainerEntityManagerFactoryBean : Initialized JPA EntityManagerFactory for persistence unit 'default'
2026-02-25T00:29:21.197+04:00  WARN 20688 --- [guestService] [main] JpaBaseConfiguration$JpaWebConfiguration : spring.jpa.open-in-view is enabled by default. Therefore, database queries may be performed during view rendering. Explicitly configure spring.jpa.open-in-view to disable this warning
2026-02-25T00:29:21.356+04:00 DEBUG 20688 --- [guestService] [main] s.w.s.m.m.a.RequestMappingHandlerMapping : 11 mappings in 'requestMappingHandlerMapping'
2026-02-25T00:29:21.459+04:00 DEBUG 20688 --- [guestService] [main] o.s.w.s.handler.SimpleUrlHandlerMapping  : Patterns [/webjars/**, /**, /swagger-ui*/*swagger-initializer.js, /swagger-ui*/**] in 'resourceHandlerMapping'
2026-02-25T00:29:21.503+04:00 DEBUG 20688 --- [guestService] [main] s.w.s.m.m.a.RequestMappingHandlerAdapter : ControllerAdvice beans: 0 @ModelAttribute, 0 @InitBinder, 1 RequestBodyAdvice, 1 ResponseBodyAdvice
2026-02-25T00:29:21.541+04:00 DEBUG 20688 --- [guestService] [main] .m.m.a.ExceptionHandlerExceptionResolver : ControllerAdvice beans: 2 @ExceptionHandler, 1 ResponseBodyAdvice
2026-02-25T00:29:21.803+04:00 DEBUG 20688 --- [guestService] [main] o.s.d.r.l.RedisMessageListenerContainer  : Starting RedisMessageListenerContainer...
2026-02-25T00:29:21.804+04:00 DEBUG 20688 --- [guestService] [main] o.s.d.r.l.RedisMessageListenerContainer  : Postpone listening for Redis messages until actual listeners are added
2026-02-25T00:29:21.911+04:00  INFO 20688 --- [guestService] [main] o.s.b.w.embedded.tomcat.TomcatWebServer  : Tomcat started on port 8082 (http) with context path ''
2026-02-25T00:29:21.929+04:00  INFO 20688 --- [guestService] [main] c.l.g.GuestServiceApplication            : Started GuestServiceApplication in 12.177 seconds (process running for 14.694)
2026-02-25T14:29:58.234+04:00  WARN 20688 --- [guestService] [HikariPool-1 housekeeper] com.zaxxer.hikari.pool.HikariPool        : HikariPool-1 - Thread starvation or clock leap detected (housekeeper delta=12h43m45s727ms691µs700ns).
2026-02-25T14:31:28.120+04:00  WARN 20688 --- [guestService] [HikariPool-1 housekeeper] com.zaxxer.hikari.pool.HikariPool        : HikariPool-1 - Thread starvation or clock leap detected (housekeeper delta=1m7s30ms446µs900ns).
2026-02-25T14:33:11.207+04:00 DEBUG 20688 --- [guestService] [SpringApplicationShutdownHook] o.s.d.r.l.RedisMessageListenerContainer  : Stopped RedisMessageListenerContainer
2026-02-25T14:33:11.215+04:00  INFO 20688 --- [guestService] [SpringApplicationShutdownHook] j.LocalContainerEntityManagerFactoryBean : Closing JPA EntityManagerFactory for persistence unit 'default'
2026-02-25T14:33:11.231+04:00  INFO 20688 --- [guestService] [SpringApplicationShutdownHook] com.zaxxer.hikari.HikariDataSource       : HikariPool-1 - Shutdown initiated...
2026-02-25T14:33:11.237+04:00  INFO 20688 --- [guestService] [SpringApplicationShutdownHook] com.zaxxer.hikari.HikariDataSource       : HikariPool-1 - Shutdown completed.
2026-02-25T14:34:58.729+04:00  INFO 30836 --- [guestService] [main] c.l.g.GuestServiceApplication            : Starting GuestServiceApplication using Java 17.0.18 with PID 30836 (C:\Users\orkha\OneDrive\Documents\WMSapi\guestService\build\classes\java\main started by orkha in C:\Users\orkha\OneDrive\Documents\WMSapi)
2026-02-25T14:34:58.733+04:00  INFO 30836 --- [guestService] [main] c.l.g.GuestServiceApplication            : No active profile set, falling back to 1 default profile: "default"
2026-02-25T14:35:00.941+04:00  INFO 30836 --- [guestService] [main] .s.d.r.c.RepositoryConfigurationDelegate : Multiple Spring Data modules found, entering strict repository configuration mode
2026-02-25T14:35:00.943+04:00  INFO 30836 --- [guestService] [main] .s.d.r.c.RepositoryConfigurationDelegate : Bootstrapping Spring Data JPA repositories in DEFAULT mode.
2026-02-25T14:35:01.232+04:00  INFO 30836 --- [guestService] [main] .s.d.r.c.RepositoryConfigurationDelegate : Finished Spring Data repository scanning in 275 ms. Found 1 JPA repository interface.
2026-02-25T14:35:01.263+04:00  INFO 30836 --- [guestService] [main] .s.d.r.c.RepositoryConfigurationDelegate : Multiple Spring Data modules found, entering strict repository configuration mode
2026-02-25T14:35:01.265+04:00  INFO 30836 --- [guestService] [main] .s.d.r.c.RepositoryConfigurationDelegate : Bootstrapping Spring Data Redis repositories in DEFAULT mode.
2026-02-25T14:35:01.289+04:00  INFO 30836 --- [guestService] [main] .RepositoryConfigurationExtensionSupport : Spring Data Redis - Could not safely identify store assignment for repository candidate interface com.ltc.guestservice.repository.GuestRepository; If you want this repository to be a Redis repository, consider annotating your entities with one of these annotations: org.springframework.data.redis.core.RedisHash (preferred), or consider extending one of the following types with your repository: org.springframework.data.keyvalue.repository.KeyValueRepository
2026-02-25T14:35:01.289+04:00  INFO 30836 --- [guestService] [main] .s.d.r.c.RepositoryConfigurationDelegate : Finished Spring Data repository scanning in 10 ms. Found 0 Redis repository interfaces.
2026-02-25T14:35:02.381+04:00  INFO 30836 --- [guestService] [main] o.s.b.w.embedded.tomcat.TomcatWebServer  : Tomcat initialized with port 8082 (http)
2026-02-25T14:35:02.409+04:00  INFO 30836 --- [guestService] [main] o.apache.catalina.core.StandardService   : Starting service [Tomcat]
2026-02-25T14:35:02.412+04:00  INFO 30836 --- [guestService] [main] o.apache.catalina.core.StandardEngine    : Starting Servlet engine: [Apache Tomcat/10.1.20]
2026-02-25T14:35:02.576+04:00  INFO 30836 --- [guestService] [main] o.a.c.c.C.[Tomcat].[localhost].[/]       : Initializing Spring embedded WebApplicationContext
2026-02-25T14:35:02.577+04:00  INFO 30836 --- [guestService] [main] w.s.c.ServletWebServerApplicationContext : Root WebApplicationContext: initialization completed in 3684 ms
2026-02-25T14:35:03.443+04:00  INFO 30836 --- [guestService] [main] o.hibernate.jpa.internal.util.LogHelper  : HHH000204: Processing PersistenceUnitInfo [name: default]
2026-02-25T14:35:03.714+04:00  INFO 30836 --- [guestService] [main] org.hibernate.Version                    : HHH000412: Hibernate ORM core version 6.4.4.Final
2026-02-25T14:35:03.832+04:00  INFO 30836 --- [guestService] [main] o.h.c.internal.RegionFactoryInitiator    : HHH000026: Second-level cache disabled
2026-02-25T14:35:04.382+04:00  INFO 30836 --- [guestService] [main] o.s.o.j.p.SpringPersistenceUnitInfo      : No LoadTimeWeaver setup: ignoring JPA class transformer
2026-02-25T14:35:04.453+04:00  INFO 30836 --- [guestService] [main] com.zaxxer.hikari.HikariDataSource       : HikariPool-1 - Starting...
2026-02-25T14:35:04.878+04:00  INFO 30836 --- [guestService] [main] com.zaxxer.hikari.pool.HikariPool        : HikariPool-1 - Added connection org.postgresql.jdbc.PgConnection@7619fbe7
2026-02-25T14:35:04.890+04:00  INFO 30836 --- [guestService] [main] com.zaxxer.hikari.HikariDataSource       : HikariPool-1 - Start completed.
2026-02-25T14:35:04.986+04:00  WARN 30836 --- [guestService] [main] org.hibernate.orm.deprecation            : HHH90000025: PostgreSQLDialect does not need to be specified explicitly using 'hibernate.dialect' (remove the property setting and it will be selected by default)
2026-02-25T14:35:07.352+04:00  INFO 30836 --- [guestService] [main] o.h.e.t.j.p.i.JtaPlatformInitiator       : HHH000489: No JTA platform available (set 'hibernate.transaction.jta.platform' to enable JTA platform integration)
2026-02-25T14:35:07.560+04:00  INFO 30836 --- [guestService] [main] j.LocalContainerEntityManagerFactoryBean : Initialized JPA EntityManagerFactory for persistence unit 'default'
2026-02-25T14:35:08.383+04:00  WARN 30836 --- [guestService] [main] JpaBaseConfiguration$JpaWebConfiguration : spring.jpa.open-in-view is enabled by default. Therefore, database queries may be performed during view rendering. Explicitly configure spring.jpa.open-in-view to disable this warning
2026-02-25T14:35:08.678+04:00 DEBUG 30836 --- [guestService] [main] s.w.s.m.m.a.RequestMappingHandlerMapping : 11 mappings in 'requestMappingHandlerMapping'
2026-02-25T14:35:08.877+04:00 DEBUG 30836 --- [guestService] [main] o.s.w.s.handler.SimpleUrlHandlerMapping  : Patterns [/webjars/**, /**, /swagger-ui*/*swagger-initializer.js, /swagger-ui*/**] in 'resourceHandlerMapping'
2026-02-25T14:35:08.950+04:00 DEBUG 30836 --- [guestService] [main] s.w.s.m.m.a.RequestMappingHandlerAdapter : ControllerAdvice beans: 0 @ModelAttribute, 0 @InitBinder, 1 RequestBodyAdvice, 1 ResponseBodyAdvice
2026-02-25T14:35:09.019+04:00 DEBUG 30836 --- [guestService] [main] .m.m.a.ExceptionHandlerExceptionResolver : ControllerAdvice beans: 2 @ExceptionHandler, 1 ResponseBodyAdvice
2026-02-25T14:35:09.506+04:00 DEBUG 30836 --- [guestService] [main] o.s.d.r.l.RedisMessageListenerContainer  : Starting RedisMessageListenerContainer...
2026-02-25T14:35:09.508+04:00 DEBUG 30836 --- [guestService] [main] o.s.d.r.l.RedisMessageListenerContainer  : Postpone listening for Redis messages until actual listeners are added
2026-02-25T14:35:09.660+04:00  INFO 30836 --- [guestService] [main] o.s.b.w.embedded.tomcat.TomcatWebServer  : Tomcat started on port 8082 (http) with context path ''
2026-02-25T14:35:09.685+04:00  INFO 30836 --- [guestService] [main] c.l.g.GuestServiceApplication            : Started GuestServiceApplication in 12.055 seconds (process running for 25.254)
